[4554] parent of [4555] 
[4554] parent: 0
[4554] parent: 1
[4554] parent: 2
[4554] parent: 3
[4554] parent: 4
[4554] parent: 5
[4554] parent: 6
[4554] parent: 7
[4554] parent: 8
[4554] parent: 9
[4554] parent: 10
[4554] parent: 11
[4554] parent: 12
[4554] parent: 13
[4554] parent: 14
[4554] parent: 15
[4554] parent: 16
[4554] parent: 17
[4554] parent: 18
[4554] parent: 19
[4554] parent: 20
[4554] parent: 21
[4554] parent: 22
[4554] parent: 23
[4554] parent: 24
[4554] parent: 25
[4554] parent: 26
[4554] parent: 27
[4554] parent: 28
[4554] parent: 29
[4554] parent: 30
[4554] parent: 31
[4554] parent: 32
[4554] parent: 33
[4554] parent: 34
[4554] parent: 35
[4554] parent: 36
[4554] parent: 37
[4554] parent: 38
[4554] parent: 39
[4554] parent: 40
[4554] parent: 41
[4554] parent: 42
[4554] parent: 43
[4554] parent: 44
[4554] parent: 45
[4554] parent: 46
[4554] parent: 47
[4554] parent: 48
[4554] parent: 49
[4554] parent: 50
[4554] parent: 51
[4554] parent: 52
[4554] parent: 53
[4554] parent: 54
[4554] parent: 55
[4554] parent: 56
[4554] parent: 57
[4554] parent: 58
[4554] parent: 59
[4554] parent: 60
[4554] parent: 61
[4554] parent: 62
[4554] parent: 63
[4554] parent: 64
[4554] parent: 65
[4554] parent: 66
[4554] parent: 67
[4554] parent: 68
[4554] parent: 69
[4554] parent: 70
[4554] parent: 71
[4554] parent: 72
[4554] parent: 73
[4554] parent: 74
[4554] parent: 75
[4554] parent: 76
[4554] parent: 77
[4554] parent: 78
[4554] parent: 79
[4554] parent: 80
[4554] parent: 81
[4554] parent: 82
[4554] parent: 83
[4554] parent: 84
[4554] parent: 85
[4554] parent: 86
[4554] parent: 87
[4554] parent: 88
[4554] parent: 89
[4554] parent: 90
[4554] parent: 91
[4554] parent: 92
[4554] parent: 93
[4554] parent: 94
[4554] parent: 95
[4554] parent: 96
[4554] parent: 97
[4554] parent: 98
[4554] parent: 99
[4555] child
[4555] child: 0
[4555] child: -1
[4555] child: -2
[4555] child: -3
[4555] child: -4
[4555] child: -5
[4555] child: -6
[4555] child: -7
[4555] child: -8
[4555] child: -9
[4555] child: -10
[4555] child: -11
[4555] child: -12
[4555] child: -13
[4555] child: -14
[4555] child: -15
[4555] child: -16
[4555] child: -17
[4555] child: -18
[4555] child: -19
[4555] child: -20
[4555] child: -21
[4555] child: -22
[4555] child: -23
[4555] child: -24
[4555] child: -25
[4555] child: -26
[4555] child: -27
[4555] child: -28
[4555] child: -29
[4555] child: -30
[4555] child: -31
[4555] child: -32
[4555] child: -33
[4555] child: -34
[4555] child: -35
[4555] child: -36
[4555] child: -37
[4555] child: -38
[4555] child: -39
[4555] child: -40
[4555] child: -41
[4555] child: -42
[4555] child: -43
[4555] child: -44
[4555] child: -45
[4555] child: -46
[4555] child: -47
[4555] child: -48
[4555] child: -49
[4555] child: -50
[4555] child: -51
[4555] child: -52
[4555] child: -53
[4555] child: -54
[4555] child: -55
[4555] child: -56
[4555] child: -57
[4555] child: -58
[4555] child: -59
[4555] child: -60
[4555] child: -61
[4555] child: -62
[4555] child: -63
[4555] child: -64
[4555] child: -65
[4555] child: -66
[4555] child: -67
[4555] child: -68
[4555] child: -69
[4555] child: -70
[4555] child: -71
[4555] child: -72
[4555] child: -73
[4555] child: -74
[4555] child: -75
[4555] child: -76
[4555] child: -77
[4555] child: -78
[4555] child: -79
[4555] child: -80
[4555] child: -81
[4555] child: -82
[4555] child: -83
[4555] child: -84
[4555] child: -85
[4555] child: -86
[4555] child: -87
[4555] child: -88
[4555] child: -89
[4555] child: -90
[4555] child: -91
[4555] child: -92
[4555] child: -93
[4555] child: -94
[4555] child: -95
[4555] child: -96
[4555] child: -97
[4555] child: -98
[4555] child: -99
